\BOOKMARK [0][-]{chapter.1}{Introduction}{}% 1
\BOOKMARK [1][-]{section.1.1}{Expectations}{chapter.1}% 2
\BOOKMARK [1][-]{section.1.2}{Software}{chapter.1}% 3
\BOOKMARK [0][-]{chapter.2}{Heat module}{}% 4
\BOOKMARK [1][-]{section.2.1}{Heat module - Part 1}{chapter.2}% 5
\BOOKMARK [2][-]{subsection.2.1.1}{Goal and Complexity}{section.2.1}% 6
\BOOKMARK [2][-]{subsection.2.1.2}{Scenarios}{section.2.1}% 7
\BOOKMARK [2][-]{subsection.2.1.3}{Outcome}{section.2.1}% 8
\BOOKMARK [1][-]{section.2.2}{Heat module - Part 2}{chapter.2}% 9
\BOOKMARK [2][-]{subsection.2.2.1}{Goal and Complexity}{section.2.2}% 10
\BOOKMARK [2][-]{subsection.2.2.2}{Scenarios}{section.2.2}% 11
\BOOKMARK [2][-]{subsection.2.2.3}{Outcome}{section.2.2}% 12
\BOOKMARK [0][-]{chapter.3}{Water flow module}{}% 13
\BOOKMARK [1][-]{section.3.1}{Infiltration- Part 1}{chapter.3}% 14
\BOOKMARK [2][-]{subsection.3.1.1}{Goal and Complexity}{section.3.1}% 15
\BOOKMARK [2][-]{subsection.3.1.2}{Scenarios}{section.3.1}% 16
\BOOKMARK [2][-]{subsection.3.1.3}{Outcome}{section.3.1}% 17
\BOOKMARK [1][-]{section.3.2}{Infiltration - Part 2}{chapter.3}% 18
\BOOKMARK [2][-]{subsection.3.2.1}{Goal and Complexity}{section.3.2}% 19
\BOOKMARK [2][-]{subsection.3.2.2}{Scenarios}{section.3.2}% 20
\BOOKMARK [2][-]{subsection.3.2.3}{Outcome}{section.3.2}% 21
\BOOKMARK [0][-]{chapter.4}{Coupled models}{}% 22
\BOOKMARK [1][-]{section.4.1}{Coupled water and heat flow}{chapter.4}% 23
\BOOKMARK [2][-]{subsection.4.1.1}{Goal and Complexity}{section.4.1}% 24
\BOOKMARK [2][-]{subsection.4.1.2}{Scenarios}{section.4.1}% 25
\BOOKMARK [2][-]{subsection.4.1.3}{Outcome}{section.4.1}% 26
\BOOKMARK [1][-]{section.4.2}{Coupled water flow and contaminant transport}{chapter.4}% 27
\BOOKMARK [2][-]{subsection.4.2.1}{Goal and Complexity}{section.4.2}% 28
\BOOKMARK [2][-]{subsection.4.2.2}{Scenarios}{section.4.2}% 29
\BOOKMARK [2][-]{subsection.4.2.3}{Outcome}{section.4.2}% 30
\BOOKMARK [0][-]{chapter.5}{Appendix A}{}% 31
\BOOKMARK [1][-]{section.5.1}{R Skript}{chapter.5}% 32
